<?xml version="1.0" encoding="UTF-8"?>
<testng-results ignored="0" total="0" passed="0" failed="0" skipped="0">
  <reporter-output>
  </reporter-output>
  <suite started-at="2024-02-24T09:28:33 EST" name="All Test Suite" finished-at="2024-02-24T09:28:33 EST" duration-ms="0">
    <groups>
      <group name="Purchase">
        <method signature="SubmitOrder.submitOrder(java.util.HashMap)[pri:0, instance:Tests.SubmitOrder@303cf2ba]" name="submitOrder" class="Tests.SubmitOrder"/>
      </group> <!-- Purchase -->
      <group name="ErrorHandling">
        <method signature="ErrorValidations.submitOrder()[pri:0, instance:Tests.ErrorValidations@cc43f62]" name="submitOrder" class="Tests.ErrorValidations"/>
      </group> <!-- ErrorHandling -->
    </groups>
  </suite> <!-- All Test Suite -->
</testng-results>
